{"C:\\Users\\Gabe\\Documents\\cleaned\\dogguesser\\dogguesser-frontend\\App\\src\\boardPage\\board.js": {"path":"C:\\Users\\Gabe\\Documents\\cleaned\\dogguesser\\dogguesser-frontend\\App\\src\\boardPage\\board.js","statementMap":{"0":{"start":{"line":3,"column":8},"end":{"line":3,"column":73}},"1":{"start":{"line":4,"column":8},"end":{"line":4,"column":77}},"2":{"start":{"line":5,"column":8},"end":{"line":5,"column":74}},"3":{"start":{"line":6,"column":8},"end":{"line":6,"column":69}},"4":{"start":{"line":8,"column":8},"end":{"line":8,"column":20}},"5":{"start":{"line":12,"column":8},"end":{"line":12,"column":25}},"6":{"start":{"line":14,"column":8},"end":{"line":18,"column":10}},"7":{"start":{"line":15,"column":12},"end":{"line":15,"column":31}},"8":{"start":{"line":16,"column":12},"end":{"line":16,"column":38}},"9":{"start":{"line":17,"column":12},"end":{"line":17,"column":39}},"10":{"start":{"line":20,"column":8},"end":{"line":20,"column":34}},"11":{"start":{"line":24,"column":8},"end":{"line":35,"column":11}},"12":{"start":{"line":25,"column":25},"end":{"line":25,"column":45}},"13":{"start":{"line":26,"column":28},"end":{"line":26,"column":82}},"14":{"start":{"line":27,"column":34},"end":{"line":27,"column":75}},"15":{"start":{"line":28,"column":24},"end":{"line":28,"column":52}},"16":{"start":{"line":29,"column":12},"end":{"line":33,"column":14}},"17":{"start":{"line":34,"column":12},"end":{"line":34,"column":50}},"18":{"start":{"line":39,"column":8},"end":{"line":41,"column":11}},"19":{"start":{"line":40,"column":12},"end":{"line":40,"column":59}},"20":{"start":{"line":44,"column":8},"end":{"line":55,"column":15}},"21":{"start":{"line":46,"column":16},"end":{"line":48,"column":17}},"22":{"start":{"line":47,"column":20},"end":{"line":47,"column":74}},"23":{"start":{"line":49,"column":16},"end":{"line":49,"column":39}},"24":{"start":{"line":51,"column":26},"end":{"line":51,"column":30}},"25":{"start":{"line":53,"column":16},"end":{"line":53,"column":68}},"26":{"start":{"line":54,"column":16},"end":{"line":54,"column":26}},"27":{"start":{"line":59,"column":0},"end":{"line":61,"column":3}},"28":{"start":{"line":60,"column":4},"end":{"line":60,"column":20}},"29":{"start":{"line":63,"column":0},"end":{"line":63,"column":27}}},"fnMap":{"0":{"name":"(anonymous_0)","decl":{"start":{"line":2,"column":4},"end":{"line":2,"column":5}},"loc":{"start":{"line":2,"column":18},"end":{"line":9,"column":5}},"line":2},"1":{"name":"(anonymous_1)","decl":{"start":{"line":11,"column":4},"end":{"line":11,"column":5}},"loc":{"start":{"line":11,"column":11},"end":{"line":21,"column":5}},"line":11},"2":{"name":"(anonymous_2)","decl":{"start":{"line":14,"column":32},"end":{"line":14,"column":33}},"loc":{"start":{"line":14,"column":40},"end":{"line":18,"column":9}},"line":14},"3":{"name":"(anonymous_3)","decl":{"start":{"line":23,"column":4},"end":{"line":23,"column":5}},"loc":{"start":{"line":23,"column":26},"end":{"line":36,"column":5}},"line":23},"4":{"name":"(anonymous_4)","decl":{"start":{"line":24,"column":28},"end":{"line":24,"column":29}},"loc":{"start":{"line":24,"column":37},"end":{"line":35,"column":9}},"line":24},"5":{"name":"(anonymous_5)","decl":{"start":{"line":38,"column":4},"end":{"line":38,"column":5}},"loc":{"start":{"line":38,"column":25},"end":{"line":42,"column":5}},"line":38},"6":{"name":"(anonymous_6)","decl":{"start":{"line":39,"column":54},"end":{"line":39,"column":55}},"loc":{"start":{"line":39,"column":60},"end":{"line":41,"column":9}},"line":39},"7":{"name":"(anonymous_7)","decl":{"start":{"line":43,"column":4},"end":{"line":43,"column":5}},"loc":{"start":{"line":43,"column":18},"end":{"line":56,"column":5}},"line":43},"8":{"name":"(anonymous_8)","decl":{"start":{"line":45,"column":18},"end":{"line":45,"column":19}},"loc":{"start":{"line":45,"column":30},"end":{"line":50,"column":13}},"line":45},"9":{"name":"(anonymous_9)","decl":{"start":{"line":51,"column":18},"end":{"line":51,"column":19}},"loc":{"start":{"line":51,"column":26},"end":{"line":51,"column":30}},"line":51},"10":{"name":"(anonymous_10)","decl":{"start":{"line":52,"column":19},"end":{"line":52,"column":20}},"loc":{"start":{"line":52,"column":28},"end":{"line":55,"column":13}},"line":52},"11":{"name":"(anonymous_11)","decl":{"start":{"line":59,"column":46},"end":{"line":59,"column":47}},"loc":{"start":{"line":59,"column":52},"end":{"line":61,"column":1}},"line":59}},"branchMap":{"0":{"loc":{"start":{"line":46,"column":16},"end":{"line":48,"column":17}},"type":"if","locations":[{"start":{"line":46,"column":16},"end":{"line":48,"column":17}},{"start":{},"end":{}}],"line":46}},"s":{"0":3,"1":3,"2":3,"3":3,"4":3,"5":3,"6":3,"7":3,"8":3,"9":3,"10":3,"11":4,"12":6,"13":6,"14":6,"15":6,"16":6,"17":6,"18":3,"19":0,"20":5,"21":5,"22":2,"23":3,"24":3,"25":2,"26":2,"27":1,"28":0,"29":1},"f":{"0":3,"1":3,"2":3,"3":4,"4":6,"5":3,"6":0,"7":5,"8":5,"9":3,"10":2,"11":0},"b":{"0":[2,3]},"_coverageSchema":"1a1c01bbd47fc00a2c39e90264f33305004495a9","hash":"0bb86005c33966b6768248fab3fbed8848465def"}
,"C:\\Users\\Gabe\\Documents\\cleaned\\dogguesser\\dogguesser-frontend\\App\\src\\loginPage\\login.js": {"path":"C:\\Users\\Gabe\\Documents\\cleaned\\dogguesser\\dogguesser-frontend\\App\\src\\loginPage\\login.js","statementMap":{"0":{"start":{"line":5,"column":8},"end":{"line":5,"column":63}},"1":{"start":{"line":6,"column":8},"end":{"line":6,"column":34}},"2":{"start":{"line":7,"column":8},"end":{"line":7,"column":66}},"3":{"start":{"line":11,"column":8},"end":{"line":11,"column":86}},"4":{"start":{"line":11,"column":61},"end":{"line":11,"column":84}},"5":{"start":{"line":15,"column":8},"end":{"line":15,"column":31}},"6":{"start":{"line":16,"column":25},"end":{"line":16,"column":66}},"7":{"start":{"line":17,"column":25},"end":{"line":17,"column":66}},"8":{"start":{"line":18,"column":8},"end":{"line":18,"column":35}},"9":{"start":{"line":20,"column":8},"end":{"line":20,"column":39}},"10":{"start":{"line":24,"column":26},"end":{"line":27,"column":9}},"11":{"start":{"line":29,"column":8},"end":{"line":57,"column":15}},"12":{"start":{"line":37,"column":16},"end":{"line":39,"column":17}},"13":{"start":{"line":38,"column":20},"end":{"line":38,"column":67}},"14":{"start":{"line":40,"column":16},"end":{"line":40,"column":39}},"15":{"start":{"line":43,"column":16},"end":{"line":43,"column":55}},"16":{"start":{"line":44,"column":16},"end":{"line":49,"column":17}},"17":{"start":{"line":45,"column":20},"end":{"line":45,"column":60}},"18":{"start":{"line":46,"column":36},"end":{"line":46,"column":57}},"19":{"start":{"line":47,"column":20},"end":{"line":47,"column":57}},"20":{"start":{"line":51,"column":16},"end":{"line":51,"column":69}},"21":{"start":{"line":55,"column":16},"end":{"line":55,"column":86}},"22":{"start":{"line":56,"column":16},"end":{"line":56,"column":57}},"23":{"start":{"line":61,"column":0},"end":{"line":63,"column":3}},"24":{"start":{"line":62,"column":4},"end":{"line":62,"column":16}},"25":{"start":{"line":65,"column":0},"end":{"line":65,"column":23}}},"fnMap":{"0":{"name":"(anonymous_0)","decl":{"start":{"line":4,"column":4},"end":{"line":4,"column":5}},"loc":{"start":{"line":4,"column":18},"end":{"line":8,"column":5}},"line":4},"1":{"name":"(anonymous_1)","decl":{"start":{"line":10,"column":4},"end":{"line":10,"column":5}},"loc":{"start":{"line":10,"column":25},"end":{"line":12,"column":5}},"line":10},"2":{"name":"(anonymous_2)","decl":{"start":{"line":11,"column":50},"end":{"line":11,"column":51}},"loc":{"start":{"line":11,"column":61},"end":{"line":11,"column":84}},"line":11},"3":{"name":"(anonymous_3)","decl":{"start":{"line":14,"column":4},"end":{"line":14,"column":5}},"loc":{"start":{"line":14,"column":23},"end":{"line":21,"column":5}},"line":14},"4":{"name":"(anonymous_4)","decl":{"start":{"line":23,"column":4},"end":{"line":23,"column":5}},"loc":{"start":{"line":23,"column":30},"end":{"line":58,"column":5}},"line":23},"5":{"name":"(anonymous_5)","decl":{"start":{"line":36,"column":18},"end":{"line":36,"column":19}},"loc":{"start":{"line":36,"column":30},"end":{"line":41,"column":13}},"line":36},"6":{"name":"(anonymous_6)","decl":{"start":{"line":42,"column":18},"end":{"line":42,"column":19}},"loc":{"start":{"line":42,"column":26},"end":{"line":53,"column":13}},"line":42},"7":{"name":"(anonymous_7)","decl":{"start":{"line":54,"column":19},"end":{"line":54,"column":20}},"loc":{"start":{"line":54,"column":28},"end":{"line":57,"column":13}},"line":54},"8":{"name":"(anonymous_8)","decl":{"start":{"line":61,"column":46},"end":{"line":61,"column":47}},"loc":{"start":{"line":61,"column":52},"end":{"line":63,"column":1}},"line":61}},"branchMap":{"0":{"loc":{"start":{"line":37,"column":16},"end":{"line":39,"column":17}},"type":"if","locations":[{"start":{"line":37,"column":16},"end":{"line":39,"column":17}},{"start":{},"end":{}}],"line":37},"1":{"loc":{"start":{"line":44,"column":16},"end":{"line":49,"column":17}},"type":"if","locations":[{"start":{"line":44,"column":16},"end":{"line":49,"column":17}},{"start":{},"end":{}}],"line":44}},"s":{"0":1,"1":1,"2":1,"3":1,"4":1,"5":1,"6":1,"7":1,"8":1,"9":1,"10":1,"11":1,"12":1,"13":0,"14":1,"15":1,"16":1,"17":1,"18":1,"19":0,"20":0,"21":1,"22":1,"23":1,"24":0,"25":1},"f":{"0":1,"1":1,"2":1,"3":1,"4":1,"5":1,"6":1,"7":1,"8":0},"b":{"0":[0,1],"1":[1,0]},"_coverageSchema":"1a1c01bbd47fc00a2c39e90264f33305004495a9","hash":"157348eb579ba061fd4e74ad29cf418f5acbb98d"}
}
