TN:
SF:src\boardPage\board.js
FN:5,(anonymous_0)
FN:16,(anonymous_1)
FN:19,(anonymous_2)
FN:28,(anonymous_3)
FN:38,(anonymous_4)
FN:39,(anonymous_5)
FN:53,(anonymous_6)
FN:61,(anonymous_7)
FN:65,(anonymous_8)
FN:77,(anonymous_9)
FN:78,(anonymous_10)
FN:82,(anonymous_11)
FN:84,(anonymous_12)
FN:90,(anonymous_13)
FN:91,(anonymous_14)
FN:98,(anonymous_15)
FNF:16
FNH:11
FNDA:6,(anonymous_0)
FNDA:6,(anonymous_1)
FNDA:6,(anonymous_2)
FNDA:4,(anonymous_3)
FNDA:7,(anonymous_4)
FNDA:2,(anonymous_5)
FNDA:0,(anonymous_6)
FNDA:0,(anonymous_7)
FNDA:0,(anonymous_8)
FNDA:6,(anonymous_9)
FNDA:0,(anonymous_10)
FNDA:8,(anonymous_11)
FNDA:7,(anonymous_12)
FNDA:1,(anonymous_13)
FNDA:7,(anonymous_14)
FNDA:0,(anonymous_15)
DA:7,6
DA:8,6
DA:9,6
DA:10,6
DA:11,6
DA:13,6
DA:17,6
DA:19,6
DA:20,6
DA:21,6
DA:22,6
DA:25,6
DA:29,4
DA:30,3
DA:31,3
DA:32,3
DA:34,1
DA:39,7
DA:40,2
DA:41,2
DA:42,2
DA:43,2
DA:44,2
DA:48,2
DA:49,2
DA:50,2
DA:51,2
DA:52,2
DA:53,2
DA:54,0
DA:55,0
DA:56,0
DA:62,0
DA:63,0
DA:66,0
DA:70,2
DA:73,2
DA:78,6
DA:79,0
DA:83,8
DA:85,7
DA:86,0
DA:88,7
DA:90,1
DA:92,7
DA:93,7
DA:98,1
DA:99,0
DA:102,1
LF:49
LH:40
BRDA:29,0,0,3
BRDA:29,0,1,1
BRDA:32,1,0,3
BRDA:32,1,1,0
BRDA:49,2,0,2
BRDA:49,2,1,0
BRDA:62,3,0,0
BRDA:62,3,1,0
BRDA:85,4,0,0
BRDA:85,4,1,7
BRF:10
BRH:5
end_of_record
TN:
SF:src\gamePage\game.js
FN:4,(anonymous_0)
FN:31,(anonymous_1)
FN:36,(anonymous_2)
FN:40,(anonymous_3)
FN:44,(anonymous_4)
FN:45,(anonymous_5)
FN:48,(anonymous_6)
FN:50,(anonymous_7)
FN:56,(anonymous_8)
FN:57,(anonymous_9)
FN:63,(anonymous_10)
FN:65,(anonymous_11)
FN:71,(anonymous_12)
FN:71,(anonymous_13)
FN:72,(anonymous_14)
FN:78,(anonymous_15)
FN:105,(anonymous_16)
FN:109,(anonymous_17)
FN:110,(anonymous_18)
FN:112,(anonymous_19)
FN:113,(anonymous_20)
FN:121,(anonymous_21)
FN:123,(anonymous_22)
FN:127,(anonymous_23)
FN:136,(anonymous_24)
FN:142,(anonymous_25)
FN:144,(anonymous_26)
FN:154,(anonymous_27)
FN:161,(anonymous_28)
FN:183,(anonymous_29)
FN:190,(anonymous_30)
FNF:31
FNH:17
FNDA:3,(anonymous_0)
FNDA:3,(anonymous_1)
FNDA:3,(anonymous_2)
FNDA:0,(anonymous_3)
FNDA:0,(anonymous_4)
FNDA:0,(anonymous_5)
FNDA:3,(anonymous_6)
FNDA:3,(anonymous_7)
FNDA:3,(anonymous_8)
FNDA:0,(anonymous_9)
FNDA:3,(anonymous_10)
FNDA:3,(anonymous_11)
FNDA:3,(anonymous_12)
FNDA:6,(anonymous_13)
FNDA:0,(anonymous_14)
FNDA:0,(anonymous_15)
FNDA:0,(anonymous_16)
FNDA:3,(anonymous_17)
FNDA:0,(anonymous_18)
FNDA:3,(anonymous_19)
FNDA:0,(anonymous_20)
FNDA:1,(anonymous_21)
FNDA:2,(anonymous_22)
FNDA:0,(anonymous_23)
FNDA:4,(anonymous_24)
FNDA:0,(anonymous_25)
FNDA:0,(anonymous_26)
FNDA:0,(anonymous_27)
FNDA:3,(anonymous_28)
FNDA:6,(anonymous_29)
FNDA:0,(anonymous_30)
DA:5,3
DA:16,3
DA:17,3
DA:18,3
DA:19,3
DA:20,3
DA:21,3
DA:22,3
DA:24,3
DA:25,3
DA:28,3
DA:33,3
DA:34,0
DA:36,3
DA:37,3
DA:38,3
DA:39,3
DA:41,0
DA:44,3
DA:45,3
DA:49,3
DA:51,3
DA:52,0
DA:54,3
DA:56,3
DA:58,0
DA:59,0
DA:64,3
DA:66,3
DA:67,0
DA:69,3
DA:71,6
DA:73,0
DA:74,0
DA:79,0
DA:85,0
DA:86,0
DA:94,0
DA:95,0
DA:98,0
DA:99,0
DA:101,0
DA:106,0
DA:110,3
DA:112,3
DA:113,3
DA:114,0
DA:115,0
DA:116,0
DA:122,1
DA:123,1
DA:124,2
DA:125,2
DA:127,2
DA:128,0
DA:129,0
DA:132,2
DA:137,4
DA:138,4
DA:143,0
DA:144,0
DA:146,0
DA:147,0
DA:148,0
DA:150,0
DA:155,0
DA:156,0
DA:157,0
DA:163,3
DA:164,3
DA:165,3
DA:166,3
DA:167,3
DA:168,3
DA:169,0
DA:170,0
DA:172,0
DA:175,0
DA:176,0
DA:177,0
DA:184,6
DA:185,6
DA:186,6
DA:190,1
DA:191,0
DA:194,1
LF:86
LH:48
BRDA:33,0,0,0
BRDA:33,0,1,3
BRDA:51,1,0,0
BRDA:51,1,1,3
BRDA:66,2,0,0
BRDA:66,2,1,3
BRDA:94,3,0,0
BRDA:94,3,1,0
BRDA:137,4,0,4
BRDA:137,4,1,0
BRDA:146,5,0,0
BRDA:146,5,1,0
BRDA:156,6,0,0
BRDA:156,6,1,0
BRDA:163,7,0,3
BRDA:163,7,1,0
BRDA:169,8,0,0
BRDA:169,8,1,0
BRF:18
BRH:5
end_of_record
TN:
SF:src\loginPage\login.js
FN:4,(anonymous_0)
FN:10,(anonymous_1)
FN:11,(anonymous_2)
FN:14,(anonymous_3)
FN:23,(anonymous_4)
FN:36,(anonymous_5)
FN:42,(anonymous_6)
FN:54,(anonymous_7)
FN:61,(anonymous_8)
FNF:9
FNH:8
FNDA:1,(anonymous_0)
FNDA:1,(anonymous_1)
FNDA:1,(anonymous_2)
FNDA:1,(anonymous_3)
FNDA:1,(anonymous_4)
FNDA:1,(anonymous_5)
FNDA:1,(anonymous_6)
FNDA:1,(anonymous_7)
FNDA:0,(anonymous_8)
DA:5,1
DA:6,1
DA:7,1
DA:11,1
DA:15,1
DA:16,1
DA:17,1
DA:18,1
DA:20,1
DA:24,1
DA:29,1
DA:37,1
DA:38,0
DA:40,1
DA:43,1
DA:44,1
DA:45,1
DA:46,1
DA:47,0
DA:51,0
DA:55,1
DA:56,1
DA:61,1
DA:62,0
DA:65,1
LF:25
LH:21
BRDA:37,0,0,0
BRDA:37,0,1,1
BRDA:44,1,0,1
BRDA:44,1,1,0
BRF:4
BRH:2
end_of_record
TN:
SF:src\profilePage\profile.js
FN:3,(anonymous_0)
FN:17,(anonymous_1)
FN:23,(anonymous_2)
FN:35,(anonymous_3)
FN:39,(anonymous_4)
FN:43,(anonymous_5)
FN:48,(anonymous_6)
FN:50,(anonymous_7)
FN:63,(anonymous_8)
FN:64,(anonymous_9)
FN:68,(anonymous_10)
FN:73,(anonymous_11)
FN:75,(anonymous_12)
FN:81,(anonymous_13)
FN:82,(anonymous_14)
FN:89,(anonymous_15)
FNF:16
FNH:2
FNDA:2,(anonymous_0)
FNDA:0,(anonymous_1)
FNDA:0,(anonymous_2)
FNDA:2,(anonymous_3)
FNDA:0,(anonymous_4)
FNDA:0,(anonymous_5)
FNDA:0,(anonymous_6)
FNDA:0,(anonymous_7)
FNDA:0,(anonymous_8)
FNDA:0,(anonymous_9)
FNDA:0,(anonymous_10)
FNDA:0,(anonymous_11)
FNDA:0,(anonymous_12)
FNDA:0,(anonymous_13)
FNDA:0,(anonymous_14)
FNDA:0,(anonymous_15)
DA:4,2
DA:5,2
DA:6,2
DA:7,2
DA:8,2
DA:9,2
DA:10,2
DA:13,0
DA:18,0
DA:19,0
DA:20,0
DA:21,0
DA:23,0
DA:24,0
DA:25,0
DA:26,0
DA:31,0
DA:32,0
DA:36,2
DA:40,0
DA:45,0
DA:46,0
DA:48,0
DA:49,0
DA:50,0
DA:51,0
DA:52,0
DA:53,0
DA:54,0
DA:55,0
DA:59,0
DA:64,0
DA:65,0
DA:68,0
DA:69,0
DA:70,0
DA:74,0
DA:76,0
DA:77,0
DA:79,0
DA:81,0
DA:83,0
DA:84,0
DA:89,1
DA:90,0
DA:93,1
LF:46
LH:10
BRDA:9,0,0,2
BRDA:9,0,1,0
BRDA:76,1,0,0
BRDA:76,1,1,0
BRF:4
BRH:1
end_of_record
TN:
SF:src\signUpPage\signup.js
FN:4,(anonymous_0)
FN:9,(anonymous_1)
FN:10,(anonymous_2)
FN:13,(anonymous_3)
FN:22,(anonymous_4)
FN:36,(anonymous_5)
FN:42,(anonymous_6)
FN:48,(anonymous_7)
FN:55,(anonymous_8)
FNF:9
FNH:7
FNDA:1,(anonymous_0)
FNDA:1,(anonymous_1)
FNDA:1,(anonymous_2)
FNDA:1,(anonymous_3)
FNDA:1,(anonymous_4)
FNDA:1,(anonymous_5)
FNDA:1,(anonymous_6)
FNDA:0,(anonymous_7)
FNDA:0,(anonymous_8)
DA:5,1
DA:6,1
DA:10,1
DA:14,1
DA:15,1
DA:16,1
DA:17,1
DA:19,1
DA:23,1
DA:29,1
DA:37,1
DA:38,0
DA:40,1
DA:43,1
DA:44,1
DA:45,1
DA:49,0
DA:50,0
DA:55,1
DA:56,0
DA:59,1
LF:21
LH:17
BRDA:37,0,0,0
BRDA:37,0,1,1
BRF:2
BRH:1
end_of_record
